[2023-12-08 16:07:23.184][I] [.cctor/60] 

[2023-12-08 16:07:23.186][I] [.cctor/61] ███████╗██╗   ██╗██████╗ ███████╗██████╗  ██████╗ ██████╗ ███╗   ███╗
[2023-12-08 16:07:23.186][I] [.cctor/62] ██╔════╝██║   ██║██╔══██╗██╔════╝██╔══██╗██╔════╝██╔═══██╗████╗ ████║
[2023-12-08 16:07:23.186][I] [.cctor/63] ███████╗██║   ██║██████╔╝█████╗  ██████╔╝██║     ██║   ██║██╔████╔██║
[2023-12-08 16:07:23.187][I] [.cctor/64] ╚════██║██║   ██║██╔═══╝ ██╔══╝  ██╔══██╗██║     ██║   ██║██║╚██╔╝██║
[2023-12-08 16:07:23.187][I] [.cctor/65] ███████║╚██████╔╝██║     ███████╗██║  ██║╚██████╗╚██████╔╝██║ ╚═╝ ██║
[2023-12-08 16:07:23.187][I] [.cctor/66] ╚══════╝ ╚═════╝ ╚═╝     ╚══════╝╚═╝  ╚═╝ ╚═════╝ ╚═════╝ ╚═╝     ╚═╝
[2023-12-08 16:07:23.187][I] [.cctor/67] 

[2023-12-08 16:07:23.187][I] [.cctor/69] app init, version: 4.2.0.0
[2023-12-08 16:07:23.275][I] [.cctor/70] release date: 2023-12-03
[2023-12-08 16:07:23.302][I] [OnStartup/84] exception handler init
[2023-12-08 16:07:23.550][I] [GetAllPorts/173] get all ports:
[2023-12-08 16:07:23.745][I] [Init/118] main window init
[2023-12-08 16:07:23.844][I] [mainWindow_Loaded/3186] main window loaded
[2023-12-08 16:07:23.918][W] [LoadAllThemes/74] theme path not exists, create new
[2023-12-08 16:07:23.971][I] [ReadXshdList/283] read high light xshd success
[2023-12-08 16:07:29.934][I] [CloseAllPort/1079] close all port
[2023-12-08 16:07:29.944][I] [CancelPreventSleep/147] cancel prevent system sleep
[2023-12-08 16:07:29.945][I] [OnExit/103] ==========
[2023-12-08 16:07:29.945][I] [OnExit/104] good bye!
[2023-12-08 16:07:29.945][I] [OnExit/105] ==========
