2023-12-08 16:06:07,160 - [INFO] -  Config path: E:\GitHub_Repositories\Utility_Software\网络调试助手\comtool\config.json
2023-12-08 16:06:07,160 - [INFO] -  Log path: E:\GitHub_Repositories\Utility_Software\网络调试助手\comtool\run.log
2023-12-08 16:06:07,160 - [INFO] -  loading config from E:\GitHub_Repositories\Utility_Software\网络调试助手\comtool\config.json
2023-12-08 16:06:07,160 - [INFO] -  loading config complete
2023-12-08 16:06:07,727 - [INFO] -  init main window
2023-12-08 16:06:07,802 - [INFO] -  icon path: E:/GitHub_Repositories/Utility_Software/网络调试助手/comtool/_internal/assets/logo.png
2023-12-08 16:06:07,972 - [INFO] -  init main window complete
2023-12-08 16:06:08,148 - [INFO] -  load plugin items complete
2023-12-08 16:06:08,151 - [INFO] -  data path:E:/GitHub_Repositories/Utility_Software/网络调试助手/comtool/_internal
2023-12-08 16:06:08,557 - [INFO] -  Already latest version!
2023-12-08 16:06:14,264 - [INFO] -  Close window
2023-12-08 16:06:15,736 - [INFO] -  Config path: E:\GitHub_Repositories\Utility_Software\网络调试助手\comtool\config.json
2023-12-08 16:06:15,736 - [INFO] -  Log path: E:\GitHub_Repositories\Utility_Software\网络调试助手\comtool\run.log
2023-12-08 16:06:15,737 - [INFO] -  loading config from E:\GitHub_Repositories\Utility_Software\网络调试助手\comtool\config.json
2023-12-08 16:06:15,737 - [INFO] -  loading config complete
2023-12-08 16:06:15,914 - [INFO] -  init main window
2023-12-08 16:06:15,977 - [INFO] -  icon path: E:/GitHub_Repositories/Utility_Software/网络调试助手/comtool/_internal/assets/logo.png
2023-12-08 16:06:16,141 - [INFO] -  init main window complete
2023-12-08 16:06:16,141 - [INFO] -  load plugin item Send Receive
2023-12-08 16:06:16,298 - [INFO] -  load plugin item protocol
2023-12-08 16:06:16,305 - [INFO] -  load plugin item terminal
2023-12-08 16:06:16,311 - [INFO] -  load plugin item Graph
2023-12-08 16:06:16,316 - [INFO] -  load plugin items complete
2023-12-08 16:06:16,316 - [INFO] -  data path:E:/GitHub_Repositories/Utility_Software/网络调试助手/comtool/_internal
2023-12-08 16:06:16,668 - [INFO] -  Already latest version!
2023-12-08 16:06:31,626 - [INFO] -  Close window
2023-12-08 16:06:31,641 - [INFO] -  Restarting program, comand: E:\GitHub_Repositories\Utility_Software\网络调试助手\comtool\comtool.exe E:\GitHub_Repositories\Utility_Software\网络调试助手\comtool\comtool.exe E:\GitHub_Repositories\Utility_Software\网络调试助手\comtool\comtool.exe
2023-12-08 16:06:31,780 - [INFO] -  Config path: E:\GitHub_Repositories\Utility_Software\网络调试助手\comtool\config.json
2023-12-08 16:06:31,780 - [INFO] -  Log path: E:\GitHub_Repositories\Utility_Software\网络调试助手\comtool\run.log
2023-12-08 16:06:31,780 - [INFO] -  loading config from E:\GitHub_Repositories\Utility_Software\网络调试助手\comtool\config.json
2023-12-08 16:06:31,780 - [INFO] -  loading config complete
2023-12-08 16:06:31,979 - [INFO] -  init main window
2023-12-08 16:06:32,044 - [INFO] -  icon path: E:/GitHub_Repositories/Utility_Software/网络调试助手/comtool/_internal/assets/logo.png
2023-12-08 16:06:32,221 - [INFO] -  init main window complete
2023-12-08 16:06:32,222 - [INFO] -  load plugin item Send Receive
2023-12-08 16:06:32,383 - [INFO] -  load plugin item protocol
2023-12-08 16:06:32,390 - [INFO] -  load plugin item terminal
2023-12-08 16:06:32,396 - [INFO] -  load plugin item Graph
2023-12-08 16:06:32,401 - [INFO] -  load plugin items complete
2023-12-08 16:06:32,401 - [INFO] -  data path:E:/GitHub_Repositories/Utility_Software/网络调试助手/comtool/_internal
2023-12-08 16:06:32,729 - [INFO] -  Already latest version!
2023-12-08 16:06:44,604 - [INFO] -  Close window
